{
"contracts/Token.sol":{"l":{"16":5,"17":5,"21":5,"22":5,"24":5,"25":4,"26":4,"30":9},"path":"/home/debsourya/neel/WEB DEV/Web Dev Projects/Web3/code-eater/hardhatTut/contracts/Token.sol","s":{"1":5,"2":5,"3":5,"4":9},"b":{"1":[4,1]},"f":{"1":5,"2":5,"3":9},"fnMap":{"1":{"name":"constructor","line":15,"loc":{"start":{"line":15,"column":4},"end":{"line":18,"column":4}}},"2":{"name":"transfer","line":20,"loc":{"start":{"line":20,"column":4},"end":{"line":27,"column":4}}},"3":{"name":"balanceOf","line":29,"loc":{"start":{"line":29,"column":4},"end":{"line":31,"column":4}}}},"statementMap":{"1":{"start":{"line":21,"column":8},"end":{"line":21,"column":75}},"2":{"start":{"line":22,"column":8},"end":{"line":22,"column":79}},"3":{"start":{"line":24,"column":8},"end":{"line":24,"column":67}},"4":{"start":{"line":30,"column":8},"end":{"line":30,"column":32}}},"branchMap":{"1":{"line":24,"type":"if","locations":[{"start":{"line":24,"column":8},"end":{"line":24,"column":8}},{"start":{"line":24,"column":8},"end":{"line":24,"column":8}}]}}}}
